[debug] [2025-01-04T17:12:47.605Z] ----------------------------------------------------------------------
[debug] [2025-01-04T17:12:47.608Z] Command:       C:\Program Files\nodejs\node.exe C:\Users\prabhat_dwivedi\AppData\Roaming\npm\node_modules\firebase-tools\lib\bin\firebase.js deploy
[debug] [2025-01-04T17:12:47.608Z] CLI Version:   13.29.1
[debug] [2025-01-04T17:12:47.609Z] Platform:      win32
[debug] [2025-01-04T17:12:47.609Z] Node Version:  v22.12.0
[debug] [2025-01-04T17:12:47.609Z] Time:          Sat Jan 04 2025 22:42:47 GMT+0530 (India Standard Time)
[debug] [2025-01-04T17:12:47.609Z] ----------------------------------------------------------------------
[debug] 
[debug] [2025-01-04T17:12:47.670Z] > command requires scopes: ["email","openid","https://www.googleapis.com/auth/cloudplatformprojects.readonly","https://www.googleapis.com/auth/firebase","https://www.googleapis.com/auth/cloud-platform"]
[debug] [2025-01-04T17:12:47.670Z] > authorizing via signed-in user (prabhatkumarprince@gmail.com)
[debug] [2025-01-04T17:12:47.670Z] [iam] checking project tiffin-services-a0a66 for permissions ["cloudconfig.configs.get","cloudconfig.configs.update","cloudfunctions.functions.create","cloudfunctions.functions.delete","cloudfunctions.functions.get","cloudfunctions.functions.list","cloudfunctions.functions.update","cloudfunctions.operations.get","cloudsql.databases.create","cloudsql.databases.update","cloudsql.instances.connect","cloudsql.instances.create","cloudsql.instances.get","cloudsql.instances.list","cloudsql.instances.update","cloudsql.users.create","datastore.indexes.create","datastore.indexes.delete","datastore.indexes.list","datastore.indexes.update","firebase.projects.get","firebasedatabase.instances.update","firebasedataconnect.connectors.create","firebasedataconnect.connectors.delete","firebasedataconnect.connectors.list","firebasedataconnect.connectors.update","firebasedataconnect.operations.get","firebasedataconnect.schemas.create","firebasedataconnect.schemas.delete","firebasedataconnect.schemas.list","firebasedataconnect.schemas.update","firebasedataconnect.services.create","firebasedataconnect.services.delete","firebasedataconnect.services.list","firebasedataconnect.services.update","firebasehosting.sites.update","firebaserules.releases.create","firebaserules.releases.update","firebaserules.rulesets.create",null]
[debug] [2025-01-04T17:12:47.672Z] Checked if tokens are valid: true, expires at: 1736013773579
[debug] [2025-01-04T17:12:47.672Z] Checked if tokens are valid: true, expires at: 1736013773579
[debug] [2025-01-04T17:12:47.672Z] >>> [apiv2][query] POST https://cloudresourcemanager.googleapis.com/v1/projects/tiffin-services-a0a66:testIamPermissions [none]
[debug] [2025-01-04T17:12:47.672Z] >>> [apiv2][(partial)header] POST https://cloudresourcemanager.googleapis.com/v1/projects/tiffin-services-a0a66:testIamPermissions x-goog-quota-user=projects/tiffin-services-a0a66
[debug] [2025-01-04T17:12:47.673Z] >>> [apiv2][body] POST https://cloudresourcemanager.googleapis.com/v1/projects/tiffin-services-a0a66:testIamPermissions {"permissions":["cloudconfig.configs.get","cloudconfig.configs.update","cloudfunctions.functions.create","cloudfunctions.functions.delete","cloudfunctions.functions.get","cloudfunctions.functions.list","cloudfunctions.functions.update","cloudfunctions.operations.get","cloudsql.databases.create","cloudsql.databases.update","cloudsql.instances.connect","cloudsql.instances.create","cloudsql.instances.get","cloudsql.instances.list","cloudsql.instances.update","cloudsql.users.create","datastore.indexes.create","datastore.indexes.delete","datastore.indexes.list","datastore.indexes.update","firebase.projects.get","firebasedatabase.instances.update","firebasedataconnect.connectors.create","firebasedataconnect.connectors.delete","firebasedataconnect.connectors.list","firebasedataconnect.connectors.update","firebasedataconnect.operations.get","firebasedataconnect.schemas.create","firebasedataconnect.schemas.delete","firebasedataconnect.schemas.list","firebasedataconnect.schemas.update","firebasedataconnect.services.create","firebasedataconnect.services.delete","firebasedataconnect.services.list","firebasedataconnect.services.update","firebasehosting.sites.update","firebaserules.releases.create","firebaserules.releases.update","firebaserules.rulesets.create",null]}
[debug] [2025-01-04T17:12:49.762Z] <<< [apiv2][status] POST https://cloudresourcemanager.googleapis.com/v1/projects/tiffin-services-a0a66:testIamPermissions 200
[debug] [2025-01-04T17:12:49.762Z] <<< [apiv2][body] POST https://cloudresourcemanager.googleapis.com/v1/projects/tiffin-services-a0a66:testIamPermissions {"permissions":["cloudconfig.configs.get","cloudconfig.configs.update","cloudfunctions.functions.create","cloudfunctions.functions.delete","cloudfunctions.functions.get","cloudfunctions.functions.list","cloudfunctions.functions.update","cloudfunctions.operations.get","cloudsql.databases.create","cloudsql.databases.update","cloudsql.instances.connect","cloudsql.instances.create","cloudsql.instances.get","cloudsql.instances.list","cloudsql.instances.update","cloudsql.users.create","datastore.indexes.create","datastore.indexes.delete","datastore.indexes.list","datastore.indexes.update","firebase.projects.get","firebasedatabase.instances.update","firebasedataconnect.connectors.create","firebasedataconnect.connectors.delete","firebasedataconnect.connectors.list","firebasedataconnect.connectors.update","firebasedataconnect.operations.get","firebasedataconnect.schemas.create","firebasedataconnect.schemas.delete","firebasedataconnect.schemas.list","firebasedataconnect.schemas.update","firebasedataconnect.services.create","firebasedataconnect.services.delete","firebasedataconnect.services.list","firebasedataconnect.services.update","firebasehosting.sites.update","firebaserules.releases.create","firebaserules.releases.update","firebaserules.rulesets.create"]}
[debug] [2025-01-04T17:12:49.762Z] [iam] error while checking permissions, command may fail: Authorization failed. This account is missing the following required permissions on project tiffin-services-a0a66:

  
[debug] [2025-01-04T17:12:49.762Z] Checked if tokens are valid: true, expires at: 1736013773579
[debug] [2025-01-04T17:12:49.762Z] Checked if tokens are valid: true, expires at: 1736013773579
[debug] [2025-01-04T17:12:49.762Z] >>> [apiv2][query] POST https://iam.googleapis.com/v1/projects/tiffin-services-a0a66/serviceAccounts/tiffin-services-a0a66@appspot.gserviceaccount.com:testIamPermissions [none]
[debug] [2025-01-04T17:12:49.762Z] >>> [apiv2][body] POST https://iam.googleapis.com/v1/projects/tiffin-services-a0a66/serviceAccounts/tiffin-services-a0a66@appspot.gserviceaccount.com:testIamPermissions {"permissions":["iam.serviceAccounts.actAs"]}
[debug] [2025-01-04T17:12:51.768Z] <<< [apiv2][status] POST https://iam.googleapis.com/v1/projects/tiffin-services-a0a66/serviceAccounts/tiffin-services-a0a66@appspot.gserviceaccount.com:testIamPermissions 200
[debug] [2025-01-04T17:12:51.768Z] <<< [apiv2][body] POST https://iam.googleapis.com/v1/projects/tiffin-services-a0a66/serviceAccounts/tiffin-services-a0a66@appspot.gserviceaccount.com:testIamPermissions {"permissions":["iam.serviceAccounts.actAs"]}
[debug] [2025-01-04T17:12:51.769Z] Checked if tokens are valid: true, expires at: 1736013773579
[debug] [2025-01-04T17:12:51.769Z] Checked if tokens are valid: true, expires at: 1736013773579
[debug] [2025-01-04T17:12:51.769Z] >>> [apiv2][query] GET https://firebase.googleapis.com/v1beta1/projects/tiffin-services-a0a66 [none]
[debug] [2025-01-04T17:12:52.440Z] <<< [apiv2][status] GET https://firebase.googleapis.com/v1beta1/projects/tiffin-services-a0a66 200
[debug] [2025-01-04T17:12:52.440Z] <<< [apiv2][body] GET https://firebase.googleapis.com/v1beta1/projects/tiffin-services-a0a66 {"projectId":"tiffin-services-a0a66","projectNumber":"217479459167","displayName":"Tiffin Services","name":"projects/tiffin-services-a0a66","resources":{"hostingSite":"tiffin-services-a0a66","realtimeDatabaseInstance":"tiffin-services-a0a66-default-rtdb"},"state":"ACTIVE","etag":"1_534f6b22-ccdd-465d-bd0b-ed192fe99b4e"}
[debug] [2025-01-04T17:12:52.441Z] Checked if tokens are valid: true, expires at: 1736013773579
[debug] [2025-01-04T17:12:52.441Z] Checked if tokens are valid: true, expires at: 1736013773579
[debug] [2025-01-04T17:12:52.441Z] >>> [apiv2][query] GET https://firebase.googleapis.com/v1beta1/projects/tiffin-services-a0a66 [none]
[debug] [2025-01-04T17:12:52.802Z] <<< [apiv2][status] GET https://firebase.googleapis.com/v1beta1/projects/tiffin-services-a0a66 200
[debug] [2025-01-04T17:12:52.802Z] <<< [apiv2][body] GET https://firebase.googleapis.com/v1beta1/projects/tiffin-services-a0a66 {"projectId":"tiffin-services-a0a66","projectNumber":"217479459167","displayName":"Tiffin Services","name":"projects/tiffin-services-a0a66","resources":{"hostingSite":"tiffin-services-a0a66","realtimeDatabaseInstance":"tiffin-services-a0a66-default-rtdb"},"state":"ACTIVE","etag":"1_534f6b22-ccdd-465d-bd0b-ed192fe99b4e"}
[info] 
[info] === Deploying to 'tiffin-services-a0a66'...
[info] 
[info] i  deploying database, storage, firestore, functions, hosting, remoteconfig, extensions, dataconnect 
[info] Running command: npm --prefix "$RESOURCE_DIR" run lint
[info] Running command: npm --prefix "$RESOURCE_DIR" run build
[debug] [2025-01-04T17:13:06.991Z] Error: Timed out.
    at Timeout._onTimeout (C:\Users\prabhat_dwivedi\AppData\Roaming\npm\node_modules\firebase-tools\lib\utils.js:269:49)
    at listOnTimeout (node:internal/timers:594:17)
    at process.processTimers (node:internal/timers:529:7)
[error] 
[error] Error: An unexpected error has occurred.
[debug] [2025-01-04T17:19:25.069Z] ----------------------------------------------------------------------
[debug] [2025-01-04T17:19:25.072Z] Command:       C:\Program Files\nodejs\node.exe C:\Users\prabhat_dwivedi\AppData\Roaming\npm\node_modules\firebase-tools\lib\bin\firebase.js deploy
[debug] [2025-01-04T17:19:25.072Z] CLI Version:   13.29.1
[debug] [2025-01-04T17:19:25.072Z] Platform:      win32
[debug] [2025-01-04T17:19:25.072Z] Node Version:  v22.12.0
[debug] [2025-01-04T17:19:25.073Z] Time:          Sat Jan 04 2025 22:49:25 GMT+0530 (India Standard Time)
[debug] [2025-01-04T17:19:25.073Z] ----------------------------------------------------------------------
[debug] 
[debug] [2025-01-04T17:19:25.136Z] > command requires scopes: ["email","openid","https://www.googleapis.com/auth/cloudplatformprojects.readonly","https://www.googleapis.com/auth/firebase","https://www.googleapis.com/auth/cloud-platform"]
[debug] [2025-01-04T17:19:25.137Z] > authorizing via signed-in user (prabhatkumarprince@gmail.com)
[debug] [2025-01-04T17:19:25.137Z] [iam] checking project tiffin-services-a0a66 for permissions ["cloudconfig.configs.get","cloudconfig.configs.update","cloudfunctions.functions.create","cloudfunctions.functions.delete","cloudfunctions.functions.get","cloudfunctions.functions.list","cloudfunctions.functions.update","cloudfunctions.operations.get","cloudsql.databases.create","cloudsql.databases.update","cloudsql.instances.connect","cloudsql.instances.create","cloudsql.instances.get","cloudsql.instances.list","cloudsql.instances.update","cloudsql.users.create","datastore.indexes.create","datastore.indexes.delete","datastore.indexes.list","datastore.indexes.update","firebase.projects.get","firebasedatabase.instances.update","firebasedataconnect.connectors.create","firebasedataconnect.connectors.delete","firebasedataconnect.connectors.list","firebasedataconnect.connectors.update","firebasedataconnect.operations.get","firebasedataconnect.schemas.create","firebasedataconnect.schemas.delete","firebasedataconnect.schemas.list","firebasedataconnect.schemas.update","firebasedataconnect.services.create","firebasedataconnect.services.delete","firebasedataconnect.services.list","firebasedataconnect.services.update","firebasehosting.sites.update","firebaserules.releases.create","firebaserules.releases.update","firebaserules.rulesets.create",null]
[debug] [2025-01-04T17:19:25.138Z] Checked if tokens are valid: true, expires at: 1736013773579
[debug] [2025-01-04T17:19:25.138Z] Checked if tokens are valid: true, expires at: 1736013773579
[debug] [2025-01-04T17:19:25.139Z] >>> [apiv2][query] POST https://cloudresourcemanager.googleapis.com/v1/projects/tiffin-services-a0a66:testIamPermissions [none]
[debug] [2025-01-04T17:19:25.139Z] >>> [apiv2][(partial)header] POST https://cloudresourcemanager.googleapis.com/v1/projects/tiffin-services-a0a66:testIamPermissions x-goog-quota-user=projects/tiffin-services-a0a66
[debug] [2025-01-04T17:19:25.140Z] >>> [apiv2][body] POST https://cloudresourcemanager.googleapis.com/v1/projects/tiffin-services-a0a66:testIamPermissions {"permissions":["cloudconfig.configs.get","cloudconfig.configs.update","cloudfunctions.functions.create","cloudfunctions.functions.delete","cloudfunctions.functions.get","cloudfunctions.functions.list","cloudfunctions.functions.update","cloudfunctions.operations.get","cloudsql.databases.create","cloudsql.databases.update","cloudsql.instances.connect","cloudsql.instances.create","cloudsql.instances.get","cloudsql.instances.list","cloudsql.instances.update","cloudsql.users.create","datastore.indexes.create","datastore.indexes.delete","datastore.indexes.list","datastore.indexes.update","firebase.projects.get","firebasedatabase.instances.update","firebasedataconnect.connectors.create","firebasedataconnect.connectors.delete","firebasedataconnect.connectors.list","firebasedataconnect.connectors.update","firebasedataconnect.operations.get","firebasedataconnect.schemas.create","firebasedataconnect.schemas.delete","firebasedataconnect.schemas.list","firebasedataconnect.schemas.update","firebasedataconnect.services.create","firebasedataconnect.services.delete","firebasedataconnect.services.list","firebasedataconnect.services.update","firebasehosting.sites.update","firebaserules.releases.create","firebaserules.releases.update","firebaserules.rulesets.create",null]}
[debug] [2025-01-04T17:19:46.351Z] *** [apiv2] error from fetch(https://cloudresourcemanager.googleapis.com/v1/projects/tiffin-services-a0a66:testIamPermissions, {"headers":{},"method":"POST","body":"{\"permissions\":[\"cloudconfig.configs.get\",\"cloudconfig.configs.update\",\"cloudfunctions.functions.create\",\"cloudfunctions.functions.delete\",\"cloudfunctions.functions.get\",\"cloudfunctions.functions.list\",\"cloudfunctions.functions.update\",\"cloudfunctions.operations.get\",\"cloudsql.databases.create\",\"cloudsql.databases.update\",\"cloudsql.instances.connect\",\"cloudsql.instances.create\",\"cloudsql.instances.get\",\"cloudsql.instances.list\",\"cloudsql.instances.update\",\"cloudsql.users.create\",\"datastore.indexes.create\",\"datastore.indexes.delete\",\"datastore.indexes.list\",\"datastore.indexes.update\",\"firebase.projects.get\",\"firebasedatabase.instances.update\",\"firebasedataconnect.connectors.create\",\"firebasedataconnect.connectors.delete\",\"firebasedataconnect.connectors.list\",\"firebasedataconnect.connectors.update\",\"firebasedataconnect.operations.get\",\"firebasedataconnect.schemas.create\",\"firebasedataconnect.schemas.delete\",\"firebasedataconnect.schemas.list\",\"firebasedataconnect.schemas.update\",\"firebasedataconnect.services.create\",\"firebasedataconnect.services.delete\",\"firebasedataconnect.services.list\",\"firebasedataconnect.services.update\",\"firebasehosting.sites.update\",\"firebaserules.releases.create\",\"firebaserules.releases.update\",\"firebaserules.rulesets.create\",null]}"}): FetchError: request to https://cloudresourcemanager.googleapis.com/v1/projects/tiffin-services-a0a66:testIamPermissions failed, reason: connect ETIMEDOUT 2404:6800:4002:823::200a:443
[debug] [2025-01-04T17:19:46.352Z] [iam] error while checking permissions, command may fail: Failed to make request to https://cloudresourcemanager.googleapis.com/v1/projects/tiffin-services-a0a66:testIamPermissions
[debug] [2025-01-04T17:19:46.353Z] Checked if tokens are valid: true, expires at: 1736013773579
[debug] [2025-01-04T17:19:46.353Z] Checked if tokens are valid: true, expires at: 1736013773579
[debug] [2025-01-04T17:19:46.353Z] >>> [apiv2][query] POST https://iam.googleapis.com/v1/projects/tiffin-services-a0a66/serviceAccounts/tiffin-services-a0a66@appspot.gserviceaccount.com:testIamPermissions [none]
[debug] [2025-01-04T17:19:46.353Z] >>> [apiv2][body] POST https://iam.googleapis.com/v1/projects/tiffin-services-a0a66/serviceAccounts/tiffin-services-a0a66@appspot.gserviceaccount.com:testIamPermissions {"permissions":["iam.serviceAccounts.actAs"]}
[debug] [2025-01-04T17:19:48.590Z] <<< [apiv2][status] POST https://iam.googleapis.com/v1/projects/tiffin-services-a0a66/serviceAccounts/tiffin-services-a0a66@appspot.gserviceaccount.com:testIamPermissions 200
[debug] [2025-01-04T17:19:48.590Z] <<< [apiv2][body] POST https://iam.googleapis.com/v1/projects/tiffin-services-a0a66/serviceAccounts/tiffin-services-a0a66@appspot.gserviceaccount.com:testIamPermissions {"permissions":["iam.serviceAccounts.actAs"]}
[debug] [2025-01-04T17:19:48.590Z] Checked if tokens are valid: true, expires at: 1736013773579
[debug] [2025-01-04T17:19:48.590Z] Checked if tokens are valid: true, expires at: 1736013773579
[debug] [2025-01-04T17:19:48.590Z] >>> [apiv2][query] GET https://firebase.googleapis.com/v1beta1/projects/tiffin-services-a0a66 [none]
[debug] [2025-01-04T17:19:49.336Z] <<< [apiv2][status] GET https://firebase.googleapis.com/v1beta1/projects/tiffin-services-a0a66 200
[debug] [2025-01-04T17:19:49.336Z] <<< [apiv2][body] GET https://firebase.googleapis.com/v1beta1/projects/tiffin-services-a0a66 {"projectId":"tiffin-services-a0a66","projectNumber":"217479459167","displayName":"Tiffin Services","name":"projects/tiffin-services-a0a66","resources":{"hostingSite":"tiffin-services-a0a66","realtimeDatabaseInstance":"tiffin-services-a0a66-default-rtdb"},"state":"ACTIVE","etag":"1_534f6b22-ccdd-465d-bd0b-ed192fe99b4e"}
[debug] [2025-01-04T17:19:49.337Z] Checked if tokens are valid: true, expires at: 1736013773579
[debug] [2025-01-04T17:19:49.337Z] Checked if tokens are valid: true, expires at: 1736013773579
[debug] [2025-01-04T17:19:49.338Z] >>> [apiv2][query] GET https://firebase.googleapis.com/v1beta1/projects/tiffin-services-a0a66 [none]
[debug] [2025-01-04T17:19:49.716Z] <<< [apiv2][status] GET https://firebase.googleapis.com/v1beta1/projects/tiffin-services-a0a66 200
[debug] [2025-01-04T17:19:49.716Z] <<< [apiv2][body] GET https://firebase.googleapis.com/v1beta1/projects/tiffin-services-a0a66 {"projectId":"tiffin-services-a0a66","projectNumber":"217479459167","displayName":"Tiffin Services","name":"projects/tiffin-services-a0a66","resources":{"hostingSite":"tiffin-services-a0a66","realtimeDatabaseInstance":"tiffin-services-a0a66-default-rtdb"},"state":"ACTIVE","etag":"1_534f6b22-ccdd-465d-bd0b-ed192fe99b4e"}
[info] 
[info] === Deploying to 'tiffin-services-a0a66'...
[info] 
[info] i  deploying database, storage, firestore, functions, hosting, remoteconfig, extensions, dataconnect 
[info] Running command: npm --prefix "$RESOURCE_DIR" run lint
[info] Running command: npm --prefix "$RESOURCE_DIR" run build
[debug] [2025-01-04T17:20:03.633Z] Error: Timed out.
    at Timeout._onTimeout (C:\Users\prabhat_dwivedi\AppData\Roaming\npm\node_modules\firebase-tools\lib\utils.js:269:49)
    at listOnTimeout (node:internal/timers:594:17)
    at process.processTimers (node:internal/timers:529:7)
[error] 
[error] Error: An unexpected error has occurred.
